
=== Fri May 29 13:30:38 2026

Packages were changed.
Update Mode: updateDependencies

The following packages were added:
  com.unity.modules.adaptiveperformance@1.0.0
  com.unity.modules.vectorgraphics@1.0.0
  com.unity.modules.accessibility@1.0.0
  com.unity.multiplayer.center@1.0.1
The following packages were updated:
  com.unity.ai.navigation from version 1.1.6 to 2.0.12
  com.unity.collab-proxy from version 2.7.1 to 2.12.4
  com.unity.ide.rider from version 3.0.36 to 3.0.40
  com.unity.ide.visualstudio from version 2.0.22 to 2.0.26
  com.unity.multiplayer.tools from version 1.0.0 to 2.2.8
  com.unity.netcode.gameobjects from version 1.12.0 to 2.11.2
  com.unity.postprocessing from version 3.4.0 to 3.5.4
  com.unity.render-pipelines.universal from version 14.0.12 to 17.3.0
  com.unity.services.cloudcode from version 2.5.0 to 2.10.2
  com.unity.ugui from version 1.0.0 to 2.0.0
  com.unity.visualeffectgraph from version 14.0.12 to 17.3.0
The following packages were removed:
  com.unity.textmeshpro@3.0.7
